Running: fuse.exe -relaunch -intstyle "ise" -incremental -o "C:/Users/Juan/Desktop/MonocicloProcesador/ProcesadorMonociclo/ADDER_tb_isim_beh.exe" -prj "C:/Users/Juan/Desktop/MonocicloProcesador/ProcesadorMonociclo/ADDER_tb_beh.prj" "work.ADDER_tb" 
ISim P.20131013 (signature 0x7708f090)
Number of CPUs detected in this system: 4
Turning on mult-threading, number of parallel sub-compilation jobs: 8 
Determining compilation order of HDL files
Parsing VHDL file "C:/Users/Juan/Desktop/MonocicloProcesador/ProcesadorMonociclo/ADDER.vhd" into library work
Parsing VHDL file "C:/Users/Juan/Desktop/MonocicloProcesador/ProcesadorMonociclo/ADDER_Test.vhd" into library work
Starting static elaboration
Completed static elaboration
Compiling package standard
Compiling package std_logic_1164
Compiling package std_logic_arith
Compiling package std_logic_unsigned
Compiling architecture behavioral of entity ADDER [adder_default]
Compiling architecture behavior of entity adder_tb
Time Resolution for simulation is 1ps.
Compiled 7 VHDL Units
Built simulation executable C:/Users/Juan/Desktop/MonocicloProcesador/ProcesadorMonociclo/ADDER_tb_isim_beh.exe
Fuse Memory Usage: 33836 KB
Fuse CPU Usage: 687 ms
